<?xml version="1.0" encoding="UTF-8"?>
<!-- Generated by org.testng.reporters.JUnitReportReporter -->
<testsuite hostname="DESKTOP-SNUBA4U" failures="0" tests="1" name="testautomation.tests.ErrorValidationTest" time="9.557" errors="0" timestamp="2024-08-27T15:24:07 IST" skipped="0">
  <testcase classname="testautomation.tests.ErrorValidationTest" name="LoginErrorValidation" time="9.557"/>
</testsuite> <!-- testautomation.tests.ErrorValidationTest -->
