<?xml version="1.0" encoding="UTF-8"?>
<!-- Generated by org.testng.reporters.JUnitReportReporter -->
<testsuite hostname="DESKTOP-SNUBA4U" failures="0" tests="2" name="testautomation.tests.SubmitOrderTest" time="39.969" errors="0" timestamp="2024-08-27T15:56:00 IST" skipped="0">
  <testcase classname="testautomation.tests.SubmitOrderTest" name="submitOrder" time="22.711"/>
  <testcase classname="testautomation.tests.SubmitOrderTest" name="submitOrder" time="17.258"/>
</testsuite> <!-- testautomation.tests.SubmitOrderTest -->
